<html>
<head>
<title>TestNG:  safari-test</title>
<link href="../testng.css" rel="stylesheet" type="text/css" />
<link href="../my-testng.css" rel="stylesheet" type="text/css" />

<style type="text/css">
.log { display: none;} 
.stack-trace { display: none;} 
</style>
<script type="text/javascript">
<!--
function flip(e) {
  current = e.style.display;
  if (current == 'block') {
    e.style.display = 'none';
    return 0;
  }
  else {
    e.style.display = 'block';
    return 1;
  }
}

function toggleBox(szDivId, elem, msg1, msg2)
{
  var res = -1;  if (document.getElementById) {
    res = flip(document.getElementById(szDivId));
  }
  else if (document.all) {
    // this is the way old msie versions work
    res = flip(document.all[szDivId]);
  }
  if(elem) {
    if(res == 0) elem.innerHTML = msg1; else elem.innerHTML = msg2;
  }

}

function toggleAllBoxes() {
  if (document.getElementsByTagName) {
    d = document.getElementsByTagName('div');
    for (i = 0; i < d.length; i++) {
      if (d[i].className == 'log') {
        flip(d[i]);
      }
    }
  }
}

// -->
</script>

</head>
<body>
<h2 align='center'>safari-test</h2><table border='1' align="center">
<tr>
<td>Tests passed/Failed/Skipped:</td><td>0/1/0</td>
</tr><tr>
<td>Started on:</td><td>Thu Jun 26 14:25:24 IST 2025</td>
</tr>
<tr><td>Total time:</td><td>2 seconds (2665 ms)</td>
</tr><tr>
<td>Included groups:</td><td></td>
</tr><tr>
<td>Excluded groups:</td><td></td>
</tr>
</table><p/>
<small><i>(Hover the method name to see the test class name)</i></small><p/>
<table width='100%' border='1' class='invocation-failed'>
<tr><td colspan='4' align='center'><b>FAILED TESTS</b></td></tr>
<tr><td><b>Test method</b></td>
<td><b>Attribute(s)</b></td>
<td width="30%"><b>Exception</b></td>
<td width="10%"><b>Time (seconds)</b></td>
<td><b>Instance</b></td>
</tr>
<tr>
<td title='com.datadriventesting.MyDataDrivenTest.verifyIfProductIsNoteDeliverableInArea()'><b>verifyIfProductIsNoteDeliverableInArea</b><br>Test class: com.datadriventesting.MyDataDrivenTest<br>Parameters: safari</td>
<td><div><pre>org.openqa.selenium.remote.NoSuchDriverException: Unable to obtain: safaridriver, error Command failed with code: 65, executed: [--browser, safari, --language-binding, java, --output, json]
safaridriver not available for download
Build info: version: &apos;4.33.0&apos;, revision: &apos;2c6aaad03a&apos;
System info: os.name: &apos;Windows 11&apos;, os.arch: &apos;amd64&apos;, os.version: &apos;10.0&apos;, java.version: &apos;17.0.11&apos;
Driver info: driver.version: SafariDriver
	at org.openqa.selenium.remote.service.DriverFinder.getBinaryPaths(DriverFinder.java:121)
	at org.openqa.selenium.remote.service.DriverFinder.getDriverPath(DriverFinder.java:55)
	at org.openqa.selenium.safari.SafariDriver.generateExecutor(SafariDriver.java:95)
	at org.openqa.selenium.safari.SafariDriver.&lt;init&gt;(SafariDriver.java:84)
	at org.openqa.selenium.safari.SafariDriver.&lt;init&gt;(SafariDriver.java:80)
	at org.openqa.selenium.safari.SafariDriver.&lt;init&gt;(SafariDriver.java:57)
	at org.openqa.selenium.safari.SafariDriver.&lt;init&gt;(SafariDriver.java:48)
	at com.datadriventesting.MyDataDrivenTest.verifyIfProductIsNoteDeliverableInArea(MyDataDrivenTest.java:32)
	at java.base/java.util.ArrayList.forEach(ArrayList.java:1511)
	at java.base/java.util.concurrent.FutureTask.run(FutureTask.java:264)
	at java.base/java.util.concurrent.ThreadPoolExecutor.runWorker(ThreadPoolExecutor.java:1136)
	at java.base/java.util.concurrent.ThreadPoolExecutor$Worker.run(ThreadPoolExecutor.java:635)
	at java.base/java.lang.Thread.run(Thread.java:842)
Caused by: org.openqa.selenium.WebDriverException: Command failed with code: 65, executed: [--browser, safari, --language-binding, java, --output, json]
safaridriver not available for download
Build info: version: &apos;4.33.0&apos;, revision: &apos;2c6aaad03a&apos;
System info: os.name: &apos;Windows 11&apos;, os.arch: &apos;amd64&apos;, os.version: &apos;10.0&apos;, java.version: &apos;17.0.11&apos;
Driver info: driver.version: SafariDriver
	at org.openqa.selenium.manager.SeleniumManager.runCommand(SeleniumManager.java:173)
	at org.openqa.selenium.manager.SeleniumManager.getBinaryPaths(SeleniumManager.java:254)
	at org.openqa.selenium.remote.service.DriverFinder.getBinaryPaths(DriverFinder.java:102)
	... 29 more
... Removed 17 stack frames</pre></div><a href='#' onClick='toggleBox("stack-trace1157226306", this, "Click to show all stack frames", "Click to hide stack frames")'>Click to show all stack frames</a>
<div class='stack-trace' id='stack-trace1157226306'><pre>org.openqa.selenium.remote.NoSuchDriverException: Unable to obtain: safaridriver, error Command failed with code: 65, executed: [--browser, safari, --language-binding, java, --output, json]
safaridriver not available for download
Build info: version: &apos;4.33.0&apos;, revision: &apos;2c6aaad03a&apos;
System info: os.name: &apos;Windows 11&apos;, os.arch: &apos;amd64&apos;, os.version: &apos;10.0&apos;, java.version: &apos;17.0.11&apos;
Driver info: driver.version: SafariDriver
	at org.openqa.selenium.remote.service.DriverFinder.getBinaryPaths(DriverFinder.java:121)
	at org.openqa.selenium.remote.service.DriverFinder.getDriverPath(DriverFinder.java:55)
	at org.openqa.selenium.safari.SafariDriver.generateExecutor(SafariDriver.java:95)
	at org.openqa.selenium.safari.SafariDriver.&lt;init&gt;(SafariDriver.java:84)
	at org.openqa.selenium.safari.SafariDriver.&lt;init&gt;(SafariDriver.java:80)
	at org.openqa.selenium.safari.SafariDriver.&lt;init&gt;(SafariDriver.java:57)
	at org.openqa.selenium.safari.SafariDriver.&lt;init&gt;(SafariDriver.java:48)
	at com.datadriventesting.MyDataDrivenTest.verifyIfProductIsNoteDeliverableInArea(MyDataDrivenTest.java:32)
	at java.base/jdk.internal.reflect.NativeMethodAccessorImpl.invoke0(Native Method)
	at java.base/jdk.internal.reflect.NativeMethodAccessorImpl.invoke(NativeMethodAccessorImpl.java:77)
	at java.base/jdk.internal.reflect.DelegatingMethodAccessorImpl.invoke(DelegatingMethodAccessorImpl.java:43)
	at java.base/java.lang.reflect.Method.invoke(Method.java:568)
	at org.testng.internal.invokers.MethodInvocationHelper.invokeMethod(MethodInvocationHelper.java:141)
	at org.testng.internal.invokers.TestInvoker.invokeMethod(TestInvoker.java:686)
	at org.testng.internal.invokers.TestInvoker.invokeTestMethod(TestInvoker.java:230)
	at org.testng.internal.invokers.MethodRunner.runInSequence(MethodRunner.java:63)
	at org.testng.internal.invokers.TestInvoker$MethodInvocationAgent.invoke(TestInvoker.java:992)
	at org.testng.internal.invokers.TestInvoker.invokeTestMethods(TestInvoker.java:203)
	at org.testng.internal.invokers.TestMethodWorker.invokeTestMethods(TestMethodWorker.java:154)
	at org.testng.internal.invokers.TestMethodWorker.run(TestMethodWorker.java:134)
	at java.base/java.util.ArrayList.forEach(ArrayList.java:1511)
	at org.testng.TestRunner.privateRun(TestRunner.java:739)
	at org.testng.TestRunner.run(TestRunner.java:614)
	at org.testng.SuiteRunner.runTest(SuiteRunner.java:421)
	at org.testng.SuiteRunner$SuiteWorker.run(SuiteRunner.java:463)
	at org.testng.internal.thread.ThreadUtil.lambda$execute$0(ThreadUtil.java:64)
	at java.base/java.util.concurrent.FutureTask.run(FutureTask.java:264)
	at java.base/java.util.concurrent.ThreadPoolExecutor.runWorker(ThreadPoolExecutor.java:1136)
	at java.base/java.util.concurrent.ThreadPoolExecutor$Worker.run(ThreadPoolExecutor.java:635)
	at java.base/java.lang.Thread.run(Thread.java:842)
Caused by: org.openqa.selenium.WebDriverException: Command failed with code: 65, executed: [--browser, safari, --language-binding, java, --output, json]
safaridriver not available for download
Build info: version: &apos;4.33.0&apos;, revision: &apos;2c6aaad03a&apos;
System info: os.name: &apos;Windows 11&apos;, os.arch: &apos;amd64&apos;, os.version: &apos;10.0&apos;, java.version: &apos;17.0.11&apos;
Driver info: driver.version: SafariDriver
	at org.openqa.selenium.manager.SeleniumManager.runCommand(SeleniumManager.java:173)
	at org.openqa.selenium.manager.SeleniumManager.getBinaryPaths(SeleniumManager.java:254)
	at org.openqa.selenium.remote.service.DriverFinder.getBinaryPaths(DriverFinder.java:102)
	... 29 more
</pre></div></td>
<td>2</td>
<td>com.datadriventesting.MyDataDrivenTest@3a52dba3</td></tr>
</table><p>
</body>
</html>